0 info it worked if it ends with ok
1 verbose cli [ 'C:\\Program Files\\nodejs\\\\node.exe',
1 verbose cli   'C:\\Program Files\\nodejs\\node_modules\\npm\\bin\\npm-cli.js',
1 verbose cli   'start' ]
2 info using npm@2.10.1
3 info using node@v0.12.4
4 verbose run-script [ 'prestart', 'start', 'poststart' ]
5 info prestart office-app-for-outlook-angular@0.1.0
6 info start office-app-for-outlook-angular@0.1.0
7 verbose unsafe-perm in lifecycle true
8 info office-app-for-outlook-angular@0.1.0 Failed to exec start script
9 verbose stack Error: office-app-for-outlook-angular@0.1.0 start: `node server.js`
9 verbose stack Exit status 1
9 verbose stack     at EventEmitter.<anonymous> (C:\Program Files\nodejs\node_modules\npm\lib\utils\lifecycle.js:213:16)
9 verbose stack     at EventEmitter.emit (events.js:110:17)
9 verbose stack     at ChildProcess.<anonymous> (C:\Program Files\nodejs\node_modules\npm\lib\utils\spawn.js:24:14)
9 verbose stack     at ChildProcess.emit (events.js:110:17)
9 verbose stack     at maybeClose (child_process.js:1015:16)
9 verbose stack     at Process.ChildProcess._handle.onexit (child_process.js:1087:5)
10 verbose pkgid office-app-for-outlook-angular@0.1.0
11 verbose cwd C:\Users\Matej\Google Drive\github\outlook-addin-office365-api
12 error Windows_NT 6.3.9600
13 error argv "C:\\Program Files\\nodejs\\\\node.exe" "C:\\Program Files\\nodejs\\node_modules\\npm\\bin\\npm-cli.js" "start"
14 error node v0.12.4
15 error npm  v2.10.1
16 error code ELIFECYCLE
17 error office-app-for-outlook-angular@0.1.0 start: `node server.js`
17 error Exit status 1
18 error Failed at the office-app-for-outlook-angular@0.1.0 start script 'node server.js'.
18 error This is most likely a problem with the office-app-for-outlook-angular package,
18 error not with npm itself.
18 error Tell the author that this fails on your system:
18 error     node server.js
18 error You can get their info via:
18 error     npm owner ls office-app-for-outlook-angular
18 error There is likely additional logging output above.
19 verbose exit [ 1, true ]
